<?xml version="1.0" encoding="UTF-8"?>
<!-- Generated by org.testng.reporters.JUnitReportReporter -->
<testsuite hostname="babatundes-mbp.mynet" failures="0" tests="1" name="dropdown.DropdownTest" time="0.386" errors="0" timestamp="16 Oct 2019 18:41:31 GMT" skipped="0">
  <testcase classname="dropdown.DropdownTest" name="testSelectOption" time="0.386"/>
</testsuite> <!-- dropdown.DropdownTest -->
